This is pdfTeX, Version 3.14159265-2.6-1.40.19 (TeX Live 2018/W32TeX) (preloaded format=pdflatex 2019.3.18)  23 AUG 2019 05:39
entering extended mode
 restricted \write18 enabled.
 file:line:error style messages enabled.
 %&-line parsing enabled.
**d:/UniversityRelated/FinalDissertation/OJNDissertation/content.tex
(d:/UniversityRelated/FinalDissertation/OJNDissertation/content.tex
LaTeX2e <2018-12-01>
(d:/UniversityRelated/FinalDissertation/OJNDissertation/llncs.cls
Document Class: llncs 2018/03/10 v2.20 
 LaTeX document class for Lecture Notes in Computer Science
(e:/Program Files/texlive/2018/texmf-dist/tex/latex/base/article.cls
Document Class: article 2018/09/03 v1.4i Standard LaTeX document class
(e:/Program Files/texlive/2018/texmf-dist/tex/latex/base/size10.clo
File: size10.clo 2018/09/03 v1.4i Standard LaTeX file (size option)
)
\c@part=\count80
\c@section=\count81
\c@subsection=\count82
\c@subsubsection=\count83
\c@paragraph=\count84
\c@subparagraph=\count85
\c@figure=\count86
\c@table=\count87
\abovecaptionskip=\skip41
\belowcaptionskip=\skip42
\bibindent=\dimen102
) (e:/Program Files/texlive/2018/texmf-dist/tex/latex/tools/multicol.sty
Package: multicol 2018/12/27 v1.8v multicolumn formatting (FMi)
\c@tracingmulticols=\count88
\mult@box=\box27
\multicol@leftmargin=\dimen103
\c@unbalance=\count89
\c@collectmore=\count90
\doublecol@number=\count91
\multicoltolerance=\count92
\multicolpretolerance=\count93
\full@width=\dimen104
\page@free=\dimen105
\premulticols=\dimen106
\postmulticols=\dimen107
\multicolsep=\skip43
\multicolbaselineskip=\skip44
\partial@page=\box28
\last@line=\box29
\maxbalancingoverflow=\dimen108
\mult@rightbox=\box30
\mult@grightbox=\box31
\mult@gfirstbox=\box32
\mult@firstbox=\box33
\@tempa=\box34
\@tempa=\box35
\@tempa=\box36
\@tempa=\box37
\@tempa=\box38
\@tempa=\box39
\@tempa=\box40
\@tempa=\box41
\@tempa=\box42
\@tempa=\box43
\@tempa=\box44
\@tempa=\box45
\@tempa=\box46
\@tempa=\box47
\@tempa=\box48
\@tempa=\box49
\@tempa=\box50
\c@columnbadness=\count94
\c@finalcolumnbadness=\count95
\last@try=\dimen109
\multicolovershoot=\dimen110
\multicolundershoot=\dimen111
\mult@nat@firstbox=\box51
\colbreak@box=\box52
\mc@col@check@num=\count96
) (e:/Program Files/texlive/2018/texmf-dist/tex/latex/oberdiek/aliascnt.sty
Package: aliascnt 2018/09/07 v1.5 Alias counters (HO)
)
\c@chapter=\count97
LaTeX Font Info:    Redeclaring math symbol \Gamma on input line 362.
LaTeX Font Info:    Redeclaring math symbol \Delta on input line 363.
LaTeX Font Info:    Redeclaring math symbol \Theta on input line 364.
LaTeX Font Info:    Redeclaring math symbol \Lambda on input line 365.
LaTeX Font Info:    Redeclaring math symbol \Xi on input line 366.
LaTeX Font Info:    Redeclaring math symbol \Pi on input line 367.
LaTeX Font Info:    Redeclaring math symbol \Sigma on input line 368.
LaTeX Font Info:    Redeclaring math symbol \Upsilon on input line 369.
LaTeX Font Info:    Redeclaring math symbol \Phi on input line 370.
LaTeX Font Info:    Redeclaring math symbol \Psi on input line 371.
LaTeX Font Info:    Redeclaring math symbol \Omega on input line 372.
\tocchpnum=\dimen112
\tocsecnum=\dimen113
\tocsectotal=\dimen114
\tocsubsecnum=\dimen115
\tocsubsectotal=\dimen116
\tocsubsubsecnum=\dimen117
\tocsubsubsectotal=\dimen118
\tocparanum=\dimen119
\tocparatotal=\dimen120
\tocsubparanum=\dimen121
\@tempcntc=\count98
\fnindent=\dimen122
\c@@inst=\count99
\c@@auth=\count100
\c@auco=\count101
\instindent=\dimen123
\authrun=\box53
\authorrunning=\toks14
\tocauthor=\toks15
\titrun=\box54
\titlerunning=\toks16
\toctitle=\toks17
\c@theorem=\count102
\c@case=\count103
\c@conjecture=\count104
\c@corollary=\count105
\c@definition=\count106
\c@example=\count107
\c@exercise=\count108
\c@lemma=\count109
\c@note=\count110
\c@problem=\count111
\c@property=\count112
\c@proposition=\count113
\c@question=\count114
\c@solution=\count115
\c@remark=\count116
\headlineindent=\dimen124
) (e:/Program Files/texlive/2018/texmf-dist/tex/latex/graphics/graphicx.sty
Package: graphicx 2017/06/01 v1.1a Enhanced LaTeX Graphics (DPC,SPQR)
 (e:/Program Files/texlive/2018/texmf-dist/tex/latex/graphics/keyval.sty
Package: keyval 2014/10/28 v1.15 key=value parser (DPC)
\KV@toks@=\toks18
) (e:/Program Files/texlive/2018/texmf-dist/tex/latex/graphics/graphics.sty
Package: graphics 2017/06/25 v1.2c Standard LaTeX Graphics (DPC,SPQR)
 (e:/Program Files/texlive/2018/texmf-dist/tex/latex/graphics/trig.sty
Package: trig 2016/01/03 v1.10 sin cos tan (DPC)
) (e:/Program Files/texlive/2018/texmf-dist/tex/latex/graphics-cfg/graphics.cfg
File: graphics.cfg 2016/06/04 v1.11 sample graphics configuration
)
Package graphics Info: Driver file: pdftex.def on input line 99.
 (e:/Program Files/texlive/2018/texmf-dist/tex/latex/graphics-def/pdftex.def
File: pdftex.def 2018/01/08 v1.0l Graphics/color driver for pdftex
))
\Gin@req@height=\dimen125
\Gin@req@width=\dimen126
) (e:/Program Files/texlive/2018/texmf-dist/tex/latex/float/float.sty
Package: float 2001/11/08 v1.3d Float enhancements (AL)
\c@float@type=\count117
\float@exts=\toks19
\float@box=\box55
\@float@everytoks=\toks20
\@floatcapt=\box56
) (e:/Program Files/texlive/2018/texmf-dist/tex/latex/caption/caption.sty
Package: caption 2018/10/06 v3.3-154 Customizing captions (AR)
 (e:/Program Files/texlive/2018/texmf-dist/tex/latex/caption/caption3.sty
Package: caption3 2018/09/12 v1.8c caption3 kernel (AR)
Package caption3 Info: TeX engine: e-TeX on input line 64.
\captionmargin=\dimen127
\captionmargin@=\dimen128
\captionwidth=\dimen129
\caption@tempdima=\dimen130
\caption@indent=\dimen131
\caption@parindent=\dimen132
\caption@hangindent=\dimen133
Package caption Info: Unknown document class (or package),
(caption)             standard defaults will be used.
)

Package caption Warning: Unsupported document class (or package) detected,
(caption)                usage of the caption package is not recommended.
See the caption package documentation for explanation.

Package caption Info: \@makecaption = \long macro:#1#2->\small \vskip \abovecaptionskip \sbox \@tempboxa {{\bfseries #1.} #2}\ifdim \wd \@tempboxa >\hsize {\bfseries #1.} #2\par \else \global \@minipagefalse \hb@xt@ \hsize {\hfil \box \@tempboxa \hfil }\fi \vskip \belowcaptionskip .
\c@caption@flags=\count118
\c@ContinuedFloat=\count119
Package caption Info: float package is loaded.
) (e:/Program Files/texlive/2018/texmf-dist/tex/latex/url/url.sty
\Urlmuskip=\muskip10
Package: url 2013/09/16  ver 3.4  Verb mode for urls, etc.
) (e:/Program Files/texlive/2018/texmf-dist/tex/latex/subfigure/subfigure.sty
Package: subfigure 2002/03/15 v2.1.5 subfigure package
\subfigtopskip=\skip45
\subfigcapskip=\skip46
\subfigcaptopadj=\dimen134
\subfigbottomskip=\skip47
\subfigcapmargin=\dimen135
\subfiglabelskip=\skip48
\c@subfigure=\count120
\c@lofdepth=\count121
\c@subtable=\count122
\c@lotdepth=\count123

****************************************
* Local config file subfigure.cfg used *
****************************************
(e:/Program Files/texlive/2018/texmf-dist/tex/latex/subfigure/subfigure.cfg)
\subfig@top=\skip49
\subfig@bottom=\skip50
) (e:/Program Files/texlive/2018/texmf-dist/tex/latex/listings/listings.sty
\lst@mode=\count124
\lst@gtempboxa=\box57
\lst@token=\toks21
\lst@length=\count125
\lst@currlwidth=\dimen136
\lst@column=\count126
\lst@pos=\count127
\lst@lostspace=\dimen137
\lst@width=\dimen138
\lst@newlines=\count128
\lst@lineno=\count129
\lst@maxwidth=\dimen139
 (e:/Program Files/texlive/2018/texmf-dist/tex/latex/listings/lstmisc.sty
File: lstmisc.sty 2018/09/02 1.7 (Carsten Heinz)
\c@lstnumber=\count130
\lst@skipnumbers=\count131
\lst@framebox=\box58
) (e:/Program Files/texlive/2018/texmf-dist/tex/latex/listings/listings.cfg
File: listings.cfg 2018/09/02 1.7 listings configuration
))
Package: listings 2018/09/02 1.7 (Carsten Heinz)
 (e:/Program Files/texlive/2018/texmf-dist/tex/latex/xcolor/xcolor.sty
Package: xcolor 2016/05/11 v2.12 LaTeX color extensions (UK)
 (e:/Program Files/texlive/2018/texmf-dist/tex/latex/graphics-cfg/color.cfg
File: color.cfg 2016/01/02 v1.6 sample color configuration
)
Package xcolor Info: Driver file: pdftex.def on input line 225.
Package xcolor Info: Model `cmy' substituted by `cmy0' on input line 1348.
Package xcolor Info: Model `hsb' substituted by `rgb' on input line 1352.
Package xcolor Info: Model `RGB' extended on input line 1364.
Package xcolor Info: Model `HTML' substituted by `rgb' on input line 1366.
Package xcolor Info: Model `Hsb' substituted by `hsb' on input line 1367.
Package xcolor Info: Model `tHsb' substituted by `hsb' on input line 1368.
Package xcolor Info: Model `HSB' substituted by `hsb' on input line 1369.
Package xcolor Info: Model `Gray' substituted by `gray' on input line 1370.
Package xcolor Info: Model `wave' substituted by `hsb' on input line 1371.
) (d:/UniversityRelated/FinalDissertation/OJNDissertation/content.aux)
\openout1 = `content.aux'.

LaTeX Font Info:    Checking defaults for OML/cmm/m/it on input line 42.
LaTeX Font Info:    ... okay on input line 42.
LaTeX Font Info:    Checking defaults for T1/cmr/m/n on input line 42.
LaTeX Font Info:    ... okay on input line 42.
LaTeX Font Info:    Checking defaults for OT1/cmr/m/n on input line 42.
LaTeX Font Info:    ... okay on input line 42.
LaTeX Font Info:    Checking defaults for OMS/cmsy/m/n on input line 42.
LaTeX Font Info:    ... okay on input line 42.
LaTeX Font Info:    Checking defaults for OMX/cmex/m/n on input line 42.
LaTeX Font Info:    ... okay on input line 42.
LaTeX Font Info:    Checking defaults for U/cmr/m/n on input line 42.
LaTeX Font Info:    ... okay on input line 42.
 (e:/Program Files/texlive/2018/texmf-dist/tex/context/base/mkii/supp-pdf.mkii
[Loading MPS to PDF converter (version 2006.09.02).]
\scratchcounter=\count132
\scratchdimen=\dimen140
\scratchbox=\box59
\nofMPsegments=\count133
\nofMParguments=\count134
\everyMPshowfont=\toks22
\MPscratchCnt=\count135
\MPscratchDim=\dimen141
\MPnumerator=\count136
\makeMPintoPDFobject=\count137
\everyMPtoPDFconversion=\toks23
) (e:/Program Files/texlive/2018/texmf-dist/tex/latex/oberdiek/epstopdf-base.sty
Package: epstopdf-base 2016/05/15 v2.6 Base part for package epstopdf
 (e:/Program Files/texlive/2018/texmf-dist/tex/generic/oberdiek/infwarerr.sty
Package: infwarerr 2016/05/16 v1.4 Providing info/warning/error messages (HO)
) (e:/Program Files/texlive/2018/texmf-dist/tex/latex/oberdiek/grfext.sty
Package: grfext 2016/05/16 v1.2 Manage graphics extensions (HO)
 (e:/Program Files/texlive/2018/texmf-dist/tex/generic/oberdiek/kvdefinekeys.sty
Package: kvdefinekeys 2016/05/16 v1.4 Define keys (HO)
 (e:/Program Files/texlive/2018/texmf-dist/tex/generic/oberdiek/ltxcmds.sty
Package: ltxcmds 2016/05/16 v1.23 LaTeX kernel commands for general use (HO)
))) (e:/Program Files/texlive/2018/texmf-dist/tex/latex/oberdiek/kvoptions.sty
Package: kvoptions 2016/05/16 v3.12 Key value format for package options (HO)
 (e:/Program Files/texlive/2018/texmf-dist/tex/generic/oberdiek/kvsetkeys.sty
Package: kvsetkeys 2016/05/16 v1.17 Key value parser (HO)
 (e:/Program Files/texlive/2018/texmf-dist/tex/generic/oberdiek/etexcmds.sty
Package: etexcmds 2016/05/16 v1.6 Avoid name clashes with e-TeX commands (HO)
 (e:/Program Files/texlive/2018/texmf-dist/tex/generic/oberdiek/ifluatex.sty
Package: ifluatex 2016/05/16 v1.4 Provides the ifluatex switch (HO)
Package ifluatex Info: LuaTeX not detected.
)
Package etexcmds Info: Could not find \expanded.
(etexcmds)             That can mean that you are not using pdfTeX 1.50 or
(etexcmds)             that some package has redefined \expanded.
(etexcmds)             In the latter case, load this package earlier.
))) (e:/Program Files/texlive/2018/texmf-dist/tex/generic/oberdiek/pdftexcmds.sty
Package: pdftexcmds 2018/09/10 v0.29 Utility functions of pdfTeX for LuaTeX (HO)
 (e:/Program Files/texlive/2018/texmf-dist/tex/generic/oberdiek/ifpdf.sty
Package: ifpdf 2018/09/07 v3.3 Provides the ifpdf switch
)
Package pdftexcmds Info: LuaTeX not detected.
Package pdftexcmds Info: \pdf@primitive is available.
Package pdftexcmds Info: \pdf@ifprimitive is available.
Package pdftexcmds Info: \pdfdraftmode found.
)
Package epstopdf-base Info: Redefining graphics rule for `.eps' on input line 438.
Package grfext Info: Graphics extension search list:
(grfext)             [.pdf,.png,.jpg,.mps,.jpeg,.jbig2,.jb2,.PDF,.PNG,.JPG,.JPEG,.JBIG2,.JB2,.eps]
(grfext)             \AppendGraphicsExtensions on input line 456.
 (e:/Program Files/texlive/2018/texmf-dist/tex/latex/latexconfig/epstopdf-sys.cfg
File: epstopdf-sys.cfg 2010/07/13 v1.3 Configuration of (r)epstopdf for TeX Live
))
Package caption Info: Begin \AtBeginDocument code.
Package caption Info: listings package is loaded.
Package caption Info: subfigure package is loaded.
Package caption Info: End \AtBeginDocument code.
\c@lstlisting=\count138
<pic/newcastle-uni-logo.png, id=1, 1052.733pt x 369.7815pt>
File: pic/newcastle-uni-logo.png Graphic file (type png)
<use pic/newcastle-uni-logo.png>
Package pdftex.def Info: pic/newcastle-uni-logo.png  used on input line 51.
(pdftex.def)             Requested size: 225.62817pt x 79.2532pt.
LaTeX Font Info:    External font `cmex10' loaded for size
(Font)              <14.4> on input line 75.
LaTeX Font Info:    External font `cmex10' loaded for size
(Font)              <7> on input line 75.
 [1

{e:/Program Files/texlive/2018/texmf-var/fonts/map/pdftex/updmap/pdftex.map} <d:/UniversityRelated/FinalDissertation/OJNDissertation/pic/newcastle-uni-logo.png>]
LaTeX Font Info:    External font `cmex10' loaded for size
(Font)              <5> on input line 110.
 [2] [3] (d:/UniversityRelated/FinalDissertation/OJNDissertation/content.toc)
\tf@toc=\write3
\openout3 = `content.toc'.

 [4

]
<pic/OJNWebPage.png, id=24, 1013.28563pt x 678.28406pt>
File: pic/OJNWebPage.png Graphic file (type png)
<use pic/OJNWebPage.png>
Package pdftex.def Info: pic/OJNWebPage.png  used on input line 152.
(pdftex.def)             Requested size: 341.43306pt x 228.54356pt.
 [1 <d:/UniversityRelated/FinalDissertation/OJNDissertation/pic/OJNWebPage.png>]
Overfull \hbox (3.62216pt too wide) in paragraph at lines 179--180
 \OT1/cmr/bx/n/10 Container-based so-lu-tions: Git-pod[22], Source-Graph[23][] \OT1/cmr/m/n/10 These two prod-
 []

<pic/gitpod.png, id=29, 575.2692pt x 447.5922pt>
File: pic/gitpod.png Graphic file (type png)
<use pic/gitpod.png>
Package pdftex.def Info: pic/gitpod.png  used on input line 185.
(pdftex.def)             Requested size: 165.02606pt x 128.39832pt.
<pic/sourcegraph.png, id=30, 633.11531pt x 453.94594pt>
File: pic/sourcegraph.png Graphic file (type png)
<use pic/sourcegraph.png>
Package pdftex.def Info: pic/sourcegraph.png  used on input line 190.
(pdftex.def)             Requested size: 165.02606pt x 118.321pt.

Underfull \vbox (badness 6236) has occurred while \output is active []

 [2]
<pic/zGrepCode.png, id=34, 644.4075pt x 369.63094pt>
File: pic/zGrepCode.png Graphic file (type png)
<use pic/zGrepCode.png>
Package pdftex.def Info: pic/zGrepCode.png  used on input line 203.
(pdftex.def)             Requested size: 227.62204pt x 130.56282pt.
 [3 <d:/UniversityRelated/FinalDissertation/OJNDissertation/pic/gitpod.png> <d:/UniversityRelated/FinalDissertation/OJNDissertation/pic/sourcegraph.png> <d:/UniversityRelated/FinalDissertation/OJNDissertation/pic/zGrepCode.png>]
<pic/java-execution-process.png, id=42, 602.25pt x 418.56375pt>
File: pic/java-execution-process.png Graphic file (type png)
<use pic/java-execution-process.png>
Package pdftex.def Info: pic/java-execution-process.png  used on input line 217.
(pdftex.def)             Requested size: 341.43306pt x 237.30646pt.
 [4 <d:/UniversityRelated/FinalDissertation/OJNDissertation/pic/java-execution-process.png>] [5]
<pic/highlighter-metrix.png, id=50, 694.84593pt x 558.58687pt>
File: pic/highlighter-metrix.png Graphic file (type png)
<use pic/highlighter-metrix.png>
Package pdftex.def Info: pic/highlighter-metrix.png  used on input line 275.
(pdftex.def)             Requested size: 341.43306pt x 274.47707pt.
<pic/front-end-metrix.png, id=51, 694.09312pt x 466.74374pt>
File: pic/front-end-metrix.png Graphic file (type png)
<use pic/front-end-metrix.png>
Package pdftex.def Info: pic/front-end-metrix.png  used on input line 287.
(pdftex.def)             Requested size: 341.43306pt x 229.60379pt.
 [6 <d:/UniversityRelated/FinalDissertation/OJNDissertation/pic/highlighter-metrix.png>]
<pic/high-level-diagram.png, id=56, 731.73375pt x 794.97pt>
File: pic/high-level-diagram.png Graphic file (type png)
<use pic/high-level-diagram.png>
Package pdftex.def Info: pic/high-level-diagram.png  used on input line 303.
(pdftex.def)             Requested size: 256.0748pt x 278.20728pt.

Underfull \vbox (badness 10000) has occurred while \output is active []

 [7 <d:/UniversityRelated/FinalDissertation/OJNDissertation/pic/front-end-metrix.png>] [8 <d:/UniversityRelated/FinalDissertation/OJNDissertation/pic/high-level-diagram.png>]
<pic/system-uml.png, id=65, 1125.45468pt x 700.86844pt>
File: pic/system-uml.png Graphic file (type png)
<use pic/system-uml.png>
Package pdftex.def Info: pic/system-uml.png  used on input line 328.
(pdftex.def)             Requested size: 341.43306pt x 212.62561pt.
<pic/AnalysisFlow.png, id=66, 1820.8025pt x 935.495pt>
File: pic/AnalysisFlow.png Graphic file (type png)
<use pic/AnalysisFlow.png>
Package pdftex.def Info: pic/AnalysisFlow.png  used on input line 344.
(pdftex.def)             Requested size: 341.43306pt x 175.41914pt.
 [9 <d:/UniversityRelated/FinalDissertation/OJNDissertation/pic/system-uml.png>]
<pic/AST-Example.png, id=72, 775.39688pt x 140.77594pt>
File: pic/AST-Example.png Graphic file (type png)
<use pic/AST-Example.png>
Package pdftex.def Info: pic/AST-Example.png  used on input line 358.
(pdftex.def)             Requested size: 341.43306pt x 61.98885pt.
 [10 <d:/UniversityRelated/FinalDissertation/OJNDissertation/pic/AnalysisFlow.png> <d:/UniversityRelated/FinalDissertation/OJNDissertation/pic/AST-Example.png>]
<pic/webpage-sample.png, id=77, 187.245pt x 127.458pt>
File: pic/webpage-sample.png Graphic file (type png)
<use pic/webpage-sample.png>
Package pdftex.def Info: pic/webpage-sample.png  used on input line 376.
(pdftex.def)             Requested size: 341.43306pt x 232.44452pt.
 [11 <d:/UniversityRelated/FinalDissertation/OJNDissertation/pic/webpage-sample.png>]
<pic/GavCuSample.png, id=81, 898.10532pt x 262.73157pt>
File: pic/GavCuSample.png Graphic file (type png)
<use pic/GavCuSample.png>
Package pdftex.def Info: pic/GavCuSample.png  used on input line 404.
(pdftex.def)             Requested size: 341.43306pt x 99.88312pt.
 [12 <d:/UniversityRelated/FinalDissertation/OJNDissertation/pic/GavCuSample.png>] (e:/Program Files/texlive/2018/texmf-dist/tex/latex/listings/lstlang1.sty
File: lstlang1.sty 2018/09/02 1.7 listings language file
) [13]
<pic/cross-validation-result.png, id=90, 558.58687pt x 496.85625pt>
File: pic/cross-validation-result.png Graphic file (type png)
<use pic/cross-validation-result.png>
Package pdftex.def Info: pic/cross-validation-result.png  used on input line 454.
(pdftex.def)             Requested size: 341.43306pt x 303.71112pt.
 [14 <d:/UniversityRelated/FinalDissertation/OJNDissertation/pic/cross-validation-result.png>]
<pic/classpath-json.png, id=95, 529.98pt x 179.16937pt>
File: pic/classpath-json.png Graphic file (type png)
<use pic/classpath-json.png>
Package pdftex.def Info: pic/classpath-json.png  used on input line 488.
(pdftex.def)             Requested size: 284.52756pt x 96.18956pt.
<pic/cookie-storage.png, id=96, 507.39563pt x 226.59656pt>
File: pic/cookie-storage.png Graphic file (type png)
<use pic/cookie-storage.png>
Package pdftex.def Info: pic/cookie-storage.png  used on input line 499.
(pdftex.def)             Requested size: 284.52756pt x 127.06953pt.
 [15 <d:/UniversityRelated/FinalDissertation/OJNDissertation/pic/classpath-json.png>]
<pic/ec2-ebs.png, id=101, 582.67688pt x 364.36125pt>
File: pic/ec2-ebs.png Graphic file (type png)
<use pic/ec2-ebs.png>
Package pdftex.def Info: pic/ec2-ebs.png  used on input line 522.
(pdftex.def)             Requested size: 284.52756pt x 177.927pt.

Underfull \vbox (badness 3078) has occurred while \output is active []

 [16 <d:/UniversityRelated/FinalDissertation/OJNDissertation/pic/cookie-storage.png>]
<pic/ec2-free-tier.png, id=105, 1272.25313pt x 413.29407pt>
File: pic/ec2-free-tier.png Graphic file (type png)
<use pic/ec2-free-tier.png>
Package pdftex.def Info: pic/ec2-free-tier.png  used on input line 533.
(pdftex.def)             Requested size: 284.52756pt x 92.42587pt.
 [17 <d:/UniversityRelated/FinalDissertation/OJNDissertation/pic/ec2-ebs.png> <d:/UniversityRelated/FinalDissertation/OJNDissertation/pic/ec2-free-tier.png>]
<pic/ec2-s3.png, id=109, 510.40688pt x 440.39531pt>
File: pic/ec2-s3.png Graphic file (type png)
<use pic/ec2-s3.png>
Package pdftex.def Info: pic/ec2-s3.png  used on input line 550.
(pdftex.def)             Requested size: 284.52756pt x 245.51091pt.
<pic/lambda-s3.png, id=110, 572.89032pt x 484.05844pt>
File: pic/lambda-s3.png Graphic file (type png)
<use pic/lambda-s3.png>
Package pdftex.def Info: pic/lambda-s3.png  used on input line 568.
(pdftex.def)             Requested size: 284.52756pt x 240.41106pt.
 [18 <d:/UniversityRelated/FinalDissertation/OJNDissertation/pic/ec2-s3.png>]
Overfull \hbox (4.65494pt too wide) in paragraph at lines 578--579
[]\OT1/cmr/m/n/10 Also, it is chal-leng-ing to ap-ply CI(Continuous In-te-gra-tion)[16] tools to Lambda
 []

<pic/ojn-cloud-solution.png, id=114, 864.98157pt x 468.24937pt>
File: pic/ojn-cloud-solution.png Graphic file (type png)
<use pic/ojn-cloud-solution.png>
Package pdftex.def Info: pic/ojn-cloud-solution.png  used on input line 586.
(pdftex.def)             Requested size: 341.43306pt x 184.83144pt.
[19 <d:/UniversityRelated/FinalDissertation/OJNDissertation/pic/lambda-s3.png>] [20 <d:/UniversityRelated/FinalDissertation/OJNDissertation/pic/ojn-cloud-solution.png>]
<pic/unit-test-coverage.png, id=121, 493.0922pt x 286.82156pt>
File: pic/unit-test-coverage.png Graphic file (type png)
<use pic/unit-test-coverage.png>
Package pdftex.def Info: pic/unit-test-coverage.png  used on input line 625.
(pdftex.def)             Requested size: 341.43306pt x 198.6117pt.
 [21 <d:/UniversityRelated/FinalDissertation/OJNDissertation/pic/unit-test-coverage.png>]
<pic/automation-test.png, id=126, 602.25pt x 215.30438pt>
File: pic/automation-test.png Graphic file (type png)
<use pic/automation-test.png>
Package pdftex.def Info: pic/automation-test.png  used on input line 642.
(pdftex.def)             Requested size: 341.43306pt x 122.0677pt.
 [22 <d:/UniversityRelated/FinalDissertation/OJNDissertation/pic/automation-test.png>]
<pic/jmeter-ebs.png, id=130, 539.01375pt x 188.95593pt>
File: pic/jmeter-ebs.png Graphic file (type png)
<use pic/jmeter-ebs.png>
Package pdftex.def Info: pic/jmeter-ebs.png  used on input line 664.
(pdftex.def)             Requested size: 312.9803pt x 109.71849pt.
<pic/jmeter-s3.png, id=131, 539.01375pt x 188.95593pt>
File: pic/jmeter-s3.png Graphic file (type png)
<use pic/jmeter-s3.png>
Package pdftex.def Info: pic/jmeter-s3.png  used on input line 674.
(pdftex.def)             Requested size: 312.9803pt x 109.71849pt.
<pic/jmeter-hybrid.png, id=132, 539.76656pt x 188.95593pt>
File: pic/jmeter-hybrid.png Graphic file (type png)
<use pic/jmeter-hybrid.png>
Package pdftex.def Info: pic/jmeter-hybrid.png  used on input line 684.
(pdftex.def)             Requested size: 312.9803pt x 109.56567pt.
 [23 <d:/UniversityRelated/FinalDissertation/OJNDissertation/pic/jmeter-ebs.png> <d:/UniversityRelated/FinalDissertation/OJNDissertation/pic/jmeter-s3.png>]
<pic/jmeter-100-ebs.png, id=138, 539.76656pt x 188.95593pt>
File: pic/jmeter-100-ebs.png Graphic file (type png)
<use pic/jmeter-100-ebs.png>
Package pdftex.def Info: pic/jmeter-100-ebs.png  used on input line 703.
(pdftex.def)             Requested size: 312.9803pt x 109.56567pt.
<pic/jmeter-100-hybrid.png, id=139, 539.76656pt x 188.95593pt>
File: pic/jmeter-100-hybrid.png Graphic file (type png)
<use pic/jmeter-100-hybrid.png>
Package pdftex.def Info: pic/jmeter-100-hybrid.png  used on input line 711.
(pdftex.def)             Requested size: 312.9803pt x 109.56567pt.
 [24 <d:/UniversityRelated/FinalDissertation/OJNDissertation/pic/jmeter-hybrid.png> <d:/UniversityRelated/FinalDissertation/OJNDissertation/pic/jmeter-100-ebs.png>]
<pic/jira.png, id=145, 1021.56656pt x 601.4972pt>
File: pic/jira.png Graphic file (type png)
<use pic/jira.png>
Package pdftex.def Info: pic/jira.png  used on input line 727.
(pdftex.def)             Requested size: 312.9803pt x 184.27782pt.

Underfull \vbox (badness 10000) has occurred while \output is active []

 [25 <d:/UniversityRelated/FinalDissertation/OJNDissertation/pic/jmeter-100-hybrid.png>]
<pic/github-release.png, id=150, 578.91281pt x 505.13719pt>
File: pic/github-release.png Graphic file (type png)
<use pic/github-release.png>
Package pdftex.def Info: pic/github-release.png  used on input line 735.
(pdftex.def)             Requested size: 227.62204pt x 198.61363pt.

Underfull \vbox (badness 10000) has occurred while \output is active []

 [26 <d:/UniversityRelated/FinalDissertation/OJNDissertation/pic/jira.png> <d:/UniversityRelated/FinalDissertation/OJNDissertation/pic/github-release.png>] [27] (d:/UniversityRelated/FinalDissertation/OJNDissertation/content.bbl
LaTeX Font Info:    External font `cmex10' loaded for size
(Font)              <9> on input line 5.
LaTeX Font Info:    External font `cmex10' loaded for size
(Font)              <6> on input line 5.

Underfull \hbox (badness 10000) in paragraph at lines 32--34
[]\OT1/cmr/m/n/9 Aws ebs pric-ing.  $\OT1/cmtt/m/n/9 https : / / n2ws . com / blog / ebs-[]snapshot /
 []


Underfull \hbox (badness 10000) in paragraph at lines 45--48
[]\OT1/cmr/m/n/9 Aws s3 costs to save.  $\OT1/cmtt/m/n/9 https : / / blog . cloudability . com /
 []


Underfull \hbox (badness 1237) in paragraph at lines 50--52
[]\OT1/cmr/m/n/9 Binary large ob-ject(blob).  $\OT1/cmtt/m/n/9 https : / / en . wikipedia . org / wiki / Binary _ large _
 []


Underfull \hbox (badness 10000) in paragraph at lines 66--68
[]\OT1/cmr/m/n/9 Continuous in-te-gra-tion.  $\OT1/cmtt/m/n/9 https : / / en . wikipedia . org / wiki / Continuous _
 []


Underfull \hbox (badness 10000) in paragraph at lines 88--91
[]\OT1/cmr/m/n/9 Integrated evel-op-ment en-vi-ron-ment.  $\OT1/cmtt/m/n/9 https : / / en . wikipedia . org / wiki /
 []


Underfull \hbox (badness 10000) in paragraph at lines 113--115
[]\OT1/cmr/m/n/9 Releases of on-line java nav-i-ga-tor.  $\OT1/cmtt/m/n/9 https : / / github . com / DnsZhou /
 []


Underfull \hbox (badness 6332) in paragraph at lines 117--119
[]\OT1/cmr/m/n/9 Scrum (soft-ware de-vel-op-ment).  $\OT1/cmtt/m/n/9 https : / / en . wikipedia . org / wiki / Scrum _
 []


Underfull \hbox (badness 2126) in paragraph at lines 121--123
[]\OT1/cmr/m/n/9 Software per-for-mance test-ing.  $\OT1/cmtt/m/n/9 https : / / en . wikipedia . org / wiki / Software _
 []


Underfull \hbox (badness 10000) in paragraph at lines 125--127
[]\OT1/cmr/m/n/9 Syntax high-lighter.  $\OT1/cmtt/m/n/9 https : / / github . com / syntaxhighlighter /
 []

[28]) [29] [30] [31] [32]
Underfull \vbox (badness 10000) has occurred while \output is active []

 [33]
Underfull \vbox (badness 10000) has occurred while \output is active []

 [34]
Underfull \vbox (badness 10000) has occurred while \output is active []

 [35] [36] [37]
<pic/ebs-pricing.png, id=190, 478.03593pt x 636.12656pt>
File: pic/ebs-pricing.png Graphic file (type png)
<use pic/ebs-pricing.png>
Package pdftex.def Info: pic/ebs-pricing.png  used on input line 1023.
(pdftex.def)             Requested size: 284.52756pt x 378.62132pt.
 [38 <d:/UniversityRelated/FinalDissertation/OJNDissertation/pic/ebs-pricing.png>]
<pic/S3-pricing.png, id=195, 488.57532pt x 493.845pt>
File: pic/S3-pricing.png Graphic file (type png)
<use pic/S3-pricing.png>
Package pdftex.def Info: pic/S3-pricing.png  used on input line 1033.
(pdftex.def)             Requested size: 284.52756pt x 287.59828pt.
 [39 <d:/UniversityRelated/FinalDissertation/OJNDissertation/pic/S3-pricing.png>] (d:/UniversityRelated/FinalDissertation/OJNDissertation/content.aux) ) 
Here is how much of TeX's memory you used:
 5792 strings out of 492616
 86593 string characters out of 6126076
 554266 words of memory out of 5000000
 9617 multiletter control sequences out of 15000+600000
 9879 words of font info for 35 fonts, out of 8000000 for 9000
 1141 hyphenation exceptions out of 8191
 41i,8n,42p,831b,1698s stack positions out of 5000i,500n,10000p,200000b,80000s
<e:/Program Files/texlive/2018/texmf-dist/fonts/type1/public/amsfonts/cm/cmbx10.pfb><e:/Program Files/texlive/2018/texmf-dist/fonts/type1/public/amsfonts/cm/cmbx12.pfb><e:/Program Files/texlive/2018/texmf-dist/fonts/type1/public/amsfonts/cm/cmcsc10.pfb><e:/Program Files/texlive/2018/texmf-dist/fonts/type1/public/amsfonts/cm/cmr10.pfb><e:/Program Files/texlive/2018/texmf-dist/fonts/type1/public/amsfonts/cm/cmr12.pfb><e:/Program Files/texlive/2018/texmf-dist/fonts/type1/public/amsfonts/cm/cmr5.pfb><e:/Program Files/texlive/2018/texmf-dist/fonts/type1/public/amsfonts/cm/cmr9.pfb><e:/Program Files/texlive/2018/texmf-dist/fonts/type1/public/amsfonts/cm/cmti12.pfb><e:/Program Files/texlive/2018/texmf-dist/fonts/type1/public/amsfonts/cm/cmti9.pfb><e:/Program Files/texlive/2018/texmf-dist/fonts/type1/public/amsfonts/cm/cmtt9.pfb>
Output written on d:/UniversityRelated/FinalDissertation/OJNDissertation/content.pdf (43 pages, 3072271 bytes).
PDF statistics:
 237 PDF objects out of 1000 (max. 8388607)
 129 compressed objects within 2 object streams
 0 named destinations out of 1000 (max. 500000)
 166 words of extra memory for PDF output out of 10000 (max. 10000000)

